2021-12-07 09:42:26.217  WARN 1292 --- [HikariPool-1 housekeeper] com.zaxxer.hikari.pool.HikariPool        : HikariPool-1 - Thread starvation or clock leap detected (housekeeper delta=16h23m7s543ms552µs100ns).
2021-12-07 14:20:26.993  INFO 13452 --- [main] c.c.c.ConfigServicePropertySourceLocator : Fetching config from server at : http://localhost:8888
2021-12-07 14:20:27.108  INFO 13452 --- [main] c.c.c.ConfigServicePropertySourceLocator : Connect Timeout Exception on Url - http://localhost:8888. Will be trying the next url if available
2021-12-07 14:20:27.109  WARN 13452 --- [main] c.c.c.ConfigServicePropertySourceLocator : Could not locate PropertySource: I/O error on GET request for "http://localhost:8888/resource-mngt-service/default": Connection refused: no further information; nested exception is java.net.ConnectException: Connection refused: no further information
2021-12-07 14:20:27.751  INFO 13452 --- [main] .s.d.r.c.RepositoryConfigurationDelegate : Bootstrapping Spring Data JPA repositories in DEFAULT mode.
2021-12-07 14:20:27.985  INFO 13452 --- [main] .s.d.r.c.RepositoryConfigurationDelegate : Finished Spring Data repository scanning in 216 ms. Found 4 JPA repository interfaces.
2021-12-07 14:20:28.281  INFO 13452 --- [main] o.s.cloud.context.scope.GenericScope     : BeanFactory id=d60566be-ec00-3105-a948-b76be0b5b8d8
2021-12-07 14:20:28.767  INFO 13452 --- [main] o.s.b.w.embedded.tomcat.TomcatWebServer  : Tomcat initialized with port(s): 8000 (http)
2021-12-07 14:20:28.921  INFO 13452 --- [main] w.s.c.ServletWebServerApplicationContext : Root WebApplicationContext: initialization completed in 1787 ms
2021-12-07 14:20:31.185  INFO 13452 --- [main] j.LocalContainerEntityManagerFactoryBean : Initialized JPA EntityManagerFactory for persistence unit 'default'
2021-12-07 14:20:31.715  WARN 13452 --- [main] JpaBaseConfiguration$JpaWebConfiguration : spring.jpa.open-in-view is enabled by default. Therefore, database queries may be performed during view rendering. Explicitly configure spring.jpa.open-in-view to disable this warning
2021-12-07 14:20:32.383  INFO 13452 --- [main] DiscoveryClientOptionalArgsConfiguration : Eureka HTTP Client uses RestTemplate.
2021-12-07 14:20:32.619  WARN 13452 --- [main] iguration$LoadBalancerCaffeineWarnLogger : Spring Cloud LoadBalancer is currently working with the default cache. You can switch to using Caffeine cache, by adding it and org.springframework.cache.caffeine.CaffeineCacheManager to the classpath.
2021-12-07 14:20:32.641  INFO 13452 --- [main] o.s.c.n.eureka.InstanceInfoFactory       : Setting initial instance status as: STARTING
2021-12-07 14:20:32.933  INFO 13452 --- [main] o.s.c.n.e.s.EurekaServiceRegistry        : Registering application RESOURCE-MNGT-SERVICE with eureka with status UP
2021-12-07 14:20:32.955  INFO 13452 --- [main] o.s.b.w.embedded.tomcat.TomcatWebServer  : Tomcat started on port(s): 8000 (http) with context path ''
2021-12-07 14:20:32.955  INFO 13452 --- [main] .s.c.n.e.s.EurekaAutoServiceRegistration : Updating port to 8000
2021-12-07 14:21:57.438  INFO 13452 --- [http-nio-8000-exec-2] o.s.web.servlet.DispatcherServlet        : Initializing Servlet 'dispatcherServlet'
2021-12-07 14:21:57.441  INFO 13452 --- [http-nio-8000-exec-2] o.s.web.servlet.DispatcherServlet        : Completed initialization in 1 ms
2021-12-07 14:21:57.689  WARN 13452 --- [http-nio-8000-exec-2] org.dozer.config.GlobalSettings          : Dozer configuration file not found: dozer.properties.  Using defaults for all Dozer global properties.
2021-12-07 14:37:19.295  INFO 6524 --- [main] c.c.c.ConfigServicePropertySourceLocator : Fetching config from server at : http://localhost:8888
2021-12-07 14:37:19.390  INFO 6524 --- [main] c.c.c.ConfigServicePropertySourceLocator : Connect Timeout Exception on Url - http://localhost:8888. Will be trying the next url if available
2021-12-07 14:37:19.390  WARN 6524 --- [main] c.c.c.ConfigServicePropertySourceLocator : Could not locate PropertySource: I/O error on GET request for "http://localhost:8888/resource-mngt-service/default": Connection refused: no further information; nested exception is java.net.ConnectException: Connection refused: no further information
2021-12-07 14:37:19.862  INFO 6524 --- [main] .s.d.r.c.RepositoryConfigurationDelegate : Bootstrapping Spring Data JPA repositories in DEFAULT mode.
2021-12-07 14:37:19.995  INFO 6524 --- [main] .s.d.r.c.RepositoryConfigurationDelegate : Finished Spring Data repository scanning in 122 ms. Found 4 JPA repository interfaces.
2021-12-07 14:37:20.243  INFO 6524 --- [main] o.s.cloud.context.scope.GenericScope     : BeanFactory id=d60566be-ec00-3105-a948-b76be0b5b8d8
2021-12-07 14:37:20.760  INFO 6524 --- [main] o.s.b.w.embedded.tomcat.TomcatWebServer  : Tomcat initialized with port(s): 8000 (http)
2021-12-07 14:37:20.979  INFO 6524 --- [main] w.s.c.ServletWebServerApplicationContext : Root WebApplicationContext: initialization completed in 1573 ms
2021-12-07 14:37:22.803  INFO 6524 --- [main] j.LocalContainerEntityManagerFactoryBean : Initialized JPA EntityManagerFactory for persistence unit 'default'
2021-12-07 14:37:23.267  WARN 6524 --- [main] JpaBaseConfiguration$JpaWebConfiguration : spring.jpa.open-in-view is enabled by default. Therefore, database queries may be performed during view rendering. Explicitly configure spring.jpa.open-in-view to disable this warning
2021-12-07 14:37:23.732  INFO 6524 --- [main] DiscoveryClientOptionalArgsConfiguration : Eureka HTTP Client uses RestTemplate.
2021-12-07 14:37:23.935  WARN 6524 --- [main] iguration$LoadBalancerCaffeineWarnLogger : Spring Cloud LoadBalancer is currently working with the default cache. You can switch to using Caffeine cache, by adding it and org.springframework.cache.caffeine.CaffeineCacheManager to the classpath.
2021-12-07 14:37:23.954  INFO 6524 --- [main] o.s.c.n.eureka.InstanceInfoFactory       : Setting initial instance status as: STARTING
2021-12-07 14:37:24.269  INFO 6524 --- [main] o.s.c.n.e.s.EurekaServiceRegistry        : Registering application RESOURCE-MNGT-SERVICE with eureka with status UP
2021-12-07 14:37:24.294  INFO 6524 --- [main] o.s.b.w.embedded.tomcat.TomcatWebServer  : Tomcat started on port(s): 8000 (http) with context path ''
2021-12-07 14:37:24.295  INFO 6524 --- [main] .s.c.n.e.s.EurekaAutoServiceRegistration : Updating port to 8000
2021-12-07 14:38:04.467  INFO 6524 --- [http-nio-8000-exec-1] o.s.web.servlet.DispatcherServlet        : Initializing Servlet 'dispatcherServlet'
2021-12-07 14:38:04.469  INFO 6524 --- [http-nio-8000-exec-1] o.s.web.servlet.DispatcherServlet        : Completed initialization in 1 ms
2021-12-07 14:46:59.117  INFO 15848 --- [main] c.c.c.ConfigServicePropertySourceLocator : Fetching config from server at : http://localhost:8888
2021-12-07 14:46:59.256  INFO 15848 --- [main] c.c.c.ConfigServicePropertySourceLocator : Connect Timeout Exception on Url - http://localhost:8888. Will be trying the next url if available
2021-12-07 14:46:59.257  WARN 15848 --- [main] c.c.c.ConfigServicePropertySourceLocator : Could not locate PropertySource: I/O error on GET request for "http://localhost:8888/resource-mngt-service/default": Connection refused: no further information; nested exception is java.net.ConnectException: Connection refused: no further information
2021-12-07 14:47:00.223  INFO 15848 --- [main] .s.d.r.c.RepositoryConfigurationDelegate : Bootstrapping Spring Data JPA repositories in DEFAULT mode.
2021-12-07 14:47:00.443  INFO 15848 --- [main] .s.d.r.c.RepositoryConfigurationDelegate : Finished Spring Data repository scanning in 205 ms. Found 4 JPA repository interfaces.
2021-12-07 14:47:00.758  INFO 15848 --- [main] o.s.cloud.context.scope.GenericScope     : BeanFactory id=d60566be-ec00-3105-a948-b76be0b5b8d8
2021-12-07 14:47:01.269  INFO 15848 --- [main] o.s.b.w.embedded.tomcat.TomcatWebServer  : Tomcat initialized with port(s): 8000 (http)
2021-12-07 14:47:01.508  INFO 15848 --- [main] w.s.c.ServletWebServerApplicationContext : Root WebApplicationContext: initialization completed in 2223 ms
2021-12-07 14:47:03.881  INFO 15848 --- [main] j.LocalContainerEntityManagerFactoryBean : Initialized JPA EntityManagerFactory for persistence unit 'default'
2021-12-07 14:47:04.689  WARN 15848 --- [main] JpaBaseConfiguration$JpaWebConfiguration : spring.jpa.open-in-view is enabled by default. Therefore, database queries may be performed during view rendering. Explicitly configure spring.jpa.open-in-view to disable this warning
2021-12-07 14:47:05.301  INFO 15848 --- [main] DiscoveryClientOptionalArgsConfiguration : Eureka HTTP Client uses RestTemplate.
2021-12-07 14:47:05.579  WARN 15848 --- [main] iguration$LoadBalancerCaffeineWarnLogger : Spring Cloud LoadBalancer is currently working with the default cache. You can switch to using Caffeine cache, by adding it and org.springframework.cache.caffeine.CaffeineCacheManager to the classpath.
2021-12-07 14:47:05.604  INFO 15848 --- [main] o.s.c.n.eureka.InstanceInfoFactory       : Setting initial instance status as: STARTING
2021-12-07 14:47:06.072  INFO 15848 --- [main] o.s.c.n.e.s.EurekaServiceRegistry        : Registering application RESOURCE-MNGT-SERVICE with eureka with status UP
2021-12-07 14:47:06.105  INFO 15848 --- [main] o.s.b.w.embedded.tomcat.TomcatWebServer  : Tomcat started on port(s): 8000 (http) with context path ''
2021-12-07 14:47:06.106  INFO 15848 --- [main] .s.c.n.e.s.EurekaAutoServiceRegistration : Updating port to 8000
2021-12-07 14:47:35.696  INFO 15848 --- [http-nio-8000-exec-2] o.s.web.servlet.DispatcherServlet        : Initializing Servlet 'dispatcherServlet'
2021-12-07 14:47:35.700  INFO 15848 --- [http-nio-8000-exec-2] o.s.web.servlet.DispatcherServlet        : Completed initialization in 3 ms
2021-12-07 15:02:28.712  WARN 15848 --- [http-nio-8000-exec-9] o.a.r.mngt.api.CampaignController        : Inside Campaign Controller
